Flow report for Next186_SoC
Tue Dec 03 23:54:29 2019
Quartus II 64-Bit Version 13.0.1 Build 232 06/12/2013 Service Pack 1 SJ Web Edition


---------------------
; Table of Contents ;
---------------------
  1. Legal Notice
  2. Flow Summary
  3. Flow Settings
  4. Flow Non-Default Global Settings
  5. Flow Elapsed Time
  6. Flow OS Summary
  7. Flow Log
  8. Flow Messages
  9. Flow Suppressed Messages



----------------
; Legal Notice ;
----------------
Copyright (C) 1991-2013 Altera Corporation
Your use of Altera Corporation's design tools, logic functions 
and other software and tools, and its AMPP partner logic 
functions, and any output files from any of the foregoing 
(including device programming or simulation files), and any 
associated documentation or information are expressly subject 
to the terms and conditions of the Altera Program License 
Subscription Agreement, Altera MegaCore Function License 
Agreement, or other applicable license agreement, including, 
without limitation, that your use is for the sole purpose of 
programming logic devices manufactured by Altera and sold by 
Altera or its authorized distributors.  Please refer to the 
applicable agreement for further details.



+---------------------------------------------------------------------------------------+
; Flow Summary                                                                          ;
+-------------------------------------+-------------------------------------------------+
; Flow Status                         ; Successful - Tue Dec 03 23:54:29 2019           ;
; Quartus II 64-Bit Version           ; 13.0.1 Build 232 06/12/2013 SP 1 SJ Web Edition ;
; Revision Name                       ; Next186_SoC                                     ;
; Top-level Entity Name               ; Next186_SoC                                     ;
; Family                              ; Cyclone V                                       ;
; Device                              ; 5CEFA2F23I7                                     ;
; Timing Models                       ; Final                                           ;
; Logic utilization (in ALMs)         ; 5,820 / 9,430 ( 62 % )                          ;
; Total registers                     ; 5301                                            ;
; Total pins                          ; 76 / 224 ( 34 % )                               ;
; Total virtual pins                  ; 0                                               ;
; Total block memory bits             ; 512,202 / 1,802,240 ( 28 % )                    ;
; Total DSP Blocks                    ; 5 / 25 ( 20 % )                                 ;
; Total HSSI RX PCSs                  ; 0                                               ;
; Total HSSI PMA RX Deserializers     ; 0                                               ;
; Total HSSI PMA RX ATT Deserializers ; 0                                               ;
; Total HSSI TX PCSs                  ; 0                                               ;
; Total HSSI PMA TX Serializers       ; 0                                               ;
; Total HSSI PMA TX ATT Serializers   ; 0                                               ;
; Total PLLs                          ; 1 / 4 ( 25 % )                                  ;
; Total DLLs                          ; 0 / 4 ( 0 % )                                   ;
+-------------------------------------+-------------------------------------------------+


+-----------------------------------------+
; Flow Settings                           ;
+-------------------+---------------------+
; Option            ; Setting             ;
+-------------------+---------------------+
; Start date & time ; 12/03/2019 23:44:19 ;
; Main task         ; Compilation         ;
; Revision Name     ; Next186_SoC         ;
+-------------------+---------------------+


+----------------------------------------------------------------------------------------------------------------------------------------+
; Flow Non-Default Global Settings                                                                                                       ;
+-------------------------------------------------+---------------------------------------+---------------+-------------+----------------+
; Assignment Name                                 ; Value                                 ; Default Value ; Entity Name ; Section Id     ;
+-------------------------------------------------+---------------------------------------+---------------+-------------+----------------+
; COMPILER_SIGNATURE_ID                           ; 154414177208385.157541305905064       ; --            ; --          ; --             ;
; EDA_OUTPUT_DATA_FORMAT                          ; Verilog Hdl                           ; --            ; --          ; eda_simulation ;
; EDA_SIMULATION_TOOL                             ; ModelSim (Verilog)                    ; <None>        ; --          ; --             ;
; EDA_TIME_SCALE                                  ; 1 ps                                  ; --            ; --          ; eda_simulation ;
; MAX_CORE_JUNCTION_TEMP                          ; 100                                   ; --            ; --          ; --             ;
; MIN_CORE_JUNCTION_TEMP                          ; -40                                   ; --            ; --          ; --             ;
; NUM_PARALLEL_PROCESSORS                         ; All                                   ; --            ; --          ; --             ;
; OUTPUT_IO_TIMING_FAR_END_VMEAS                  ; Half Signal Swing                     ; --            ; --          ; --             ;
; OUTPUT_IO_TIMING_FAR_END_VMEAS                  ; Half Signal Swing                     ; --            ; --          ; --             ;
; OUTPUT_IO_TIMING_NEAR_END_VMEAS                 ; Half Vccio                            ; --            ; --          ; --             ;
; OUTPUT_IO_TIMING_NEAR_END_VMEAS                 ; Half Vccio                            ; --            ; --          ; --             ;
; PARTITION_COLOR                                 ; 16764057                              ; --            ; --          ; Top            ;
; PARTITION_FITTER_PRESERVATION_LEVEL             ; PLACEMENT_AND_ROUTING                 ; --            ; --          ; Top            ;
; PARTITION_NETLIST_TYPE                          ; SOURCE                                ; --            ; --          ; Top            ;
; PHYSICAL_SYNTHESIS_COMBO_LOGIC_FOR_AREA         ; On                                    ; Off           ; --          ; --             ;
; PHYSICAL_SYNTHESIS_EFFORT                       ; Extra                                 ; Normal        ; --          ; --             ;
; PHYSICAL_SYNTHESIS_MAP_LOGIC_TO_MEMORY_FOR_AREA ; On                                    ; Off           ; --          ; --             ;
; POWER_BOARD_THERMAL_MODEL                       ; None (CONSERVATIVE)                   ; --            ; --          ; --             ;
; POWER_PRESET_COOLING_SOLUTION                   ; 23 MM HEAT SINK WITH 200 LFPM AIRFLOW ; --            ; --          ; --             ;
; ROUTER_TIMING_OPTIMIZATION_LEVEL                ; MAXIMUM                               ; Normal        ; --          ; --             ;
; SEED                                            ; 3                                     ; 1             ; --          ; --             ;
; VERILOG_INPUT_VERSION                           ; SystemVerilog_2005                    ; Verilog_2001  ; --          ; --             ;
; VERILOG_SHOW_LMF_MAPPING_MESSAGES               ; Off                                   ; --            ; --          ; --             ;
+-------------------------------------------------+---------------------------------------+---------------+-------------+----------------+


+-------------------------------------------------------------------------------------------------------------------------------+
; Flow Elapsed Time                                                                                                             ;
+---------------------------+--------------+-------------------------+---------------------+------------------------------------+
; Module Name               ; Elapsed Time ; Average Processors Used ; Peak Virtual Memory ; Total CPU Time (on all processors) ;
+---------------------------+--------------+-------------------------+---------------------+------------------------------------+
; Analysis & Synthesis      ; 00:01:09     ; 1.0                     ; 629 MB              ; 00:01:09                           ;
; Fitter                    ; 00:06:07     ; 1.0                     ; 1961 MB             ; 00:06:05                           ;
; Assembler                 ; 00:00:16     ; 1.0                     ; 624 MB              ; 00:00:16                           ;
; TimeQuest Timing Analyzer ; 00:02:10     ; 1.0                     ; 1506 MB             ; 00:02:09                           ;
; EDA Netlist Writer        ; 00:00:11     ; 1.0                     ; 622 MB              ; 00:00:10                           ;
; Total                     ; 00:09:53     ; --                      ; --                  ; 00:09:49                           ;
+---------------------------+--------------+-------------------------+---------------------+------------------------------------+


+----------------------------------------------------------------------------------------+
; Flow OS Summary                                                                        ;
+---------------------------+------------------+-----------+------------+----------------+
; Module Name               ; Machine Hostname ; OS Name   ; OS Version ; Processor type ;
+---------------------------+------------------+-----------+------------+----------------+
; Analysis & Synthesis      ; Elitebook2560p   ; Windows 7 ; 6.1        ; x86_64         ;
; Fitter                    ; Elitebook2560p   ; Windows 7 ; 6.1        ; x86_64         ;
; Assembler                 ; Elitebook2560p   ; Windows 7 ; 6.1        ; x86_64         ;
; TimeQuest Timing Analyzer ; Elitebook2560p   ; Windows 7 ; 6.1        ; x86_64         ;
; EDA Netlist Writer        ; Elitebook2560p   ; Windows 7 ; 6.1        ; x86_64         ;
+---------------------------+------------------+-----------+------------+----------------+


------------
; Flow Log ;
------------
quartus_map --read_settings_files=on --write_settings_files=off Next186_SoC -c Next186_SoC
quartus_fit --read_settings_files=off --write_settings_files=off Next186_SoC -c Next186_SoC
quartus_asm --read_settings_files=off --write_settings_files=off Next186_SoC -c Next186_SoC
quartus_sta Next186_SoC -c Next186_SoC
quartus_eda --read_settings_files=off --write_settings_files=off Next186_SoC -c Next186_SoC



